<?xml version="1.0" encoding="UTF-8"?>
<testsuite name="com.example.MainTest" tests="1" skipped="0" failures="0" errors="0" timestamp="2024-07-29T04:15:48" hostname="LAPTOP-AET6L7DD" time="0.009">
  <properties/>
  <testcase name="testMain" classname="com.example.MainTest" time="0.009"/>
  <system-out><![CDATA[]]></system-out>
  <system-err><![CDATA[]]></system-err>
</testsuite>
